[Message:   BepInEx] BepInEx 5.4.23.2 - Card Shop Simulator (7/6/2025 11:03:28 PM)
[Info   :   BepInEx] Running under Unity v2021.3.38.8007589
[Info   :   BepInEx] CLR runtime version: 4.0.30319.42000
[Info   :   BepInEx] Supports SRE: True
[Info   :   BepInEx] System platform: Bits64, Windows
[Message:   BepInEx] Preloader started
[Info   :   BepInEx] Loaded 1 patcher method from [BepInEx.Preloader 5.4.23.2]
[Info   :   BepInEx] 1 patcher plugin loaded
[Info   :   BepInEx] Patching [UnityEngine.CoreModule] with [BepInEx.Chainloader]
[Message:   BepInEx] Preloader finished
[Message:   BepInEx] Chainloader ready
[Message:   BepInEx] Chainloader started
[Info   :   BepInEx] 5 plugins to load
[Info   :   BepInEx] Loading [TextureReplacer 1.3.6]
[Info   :   BepInEx] Loading [GradedCardCaseExpander 1.0.0]
[Info   :GradedCardCaseExpander] Loaded graded card text config from: Z:\home\klappec\.steam\debian-installation\steamapps\common\TCG Card Shop Simulator\BepInEx\plugins\GradedCaseExpander\DefaultLabel.txt
[Warning:GradedCardCaseExpander] Font 'wingdings' not found in loaded fonts. Available fonts: wingding
[Warning:GradedCardCaseExpander] Font '' not found in loaded fonts. Available fonts: wingding
[Warning:GradedCardCaseExpander] Font 'wingdings' not found in loaded fonts. Available fonts: wingding
[Info   :GradedCardCaseExpander] Loaded sprites for grades: 10
[Info   :GradedCardCaseExpander] Loaded configs for grades: 0, 10
[Info   :GradedCardCaseExpander] Available fonts: wingding
[Info   :GradedCardCaseExpander] GradedCardCaseExpander loaded successfully!
[Info   :   BepInEx] Loading [Showcase 2.0.0]
[Info   :  Showcase] Plugin Showcase 2.0.0 loaded!
[Info   :   BepInEx] Loading [Foil Editor 1.0.1]
[Info   :Foil Editor] Plugin FoilEditor is loaded!
[Info   :   BepInEx] Loading [Card Targeting Fix 1.3.1]
[Warning:  HarmonyX] AccessTools.Method: Could not find method for type Customer and name OnPathComplete and parameters ()
[Info   :Card Targeting Fix] [CTF] Patched ShelfManager.GetCardShelfToBuyCard (postfix).
[Info   :Card Targeting Fix] [CTF] Patched Customer.AttemptFindCardShelf (postfix).
[Info   :Card Targeting Fix] [CTF] Patched Customer.ThinkWantToBuyCard (prefix).
[Info   :Card Targeting Fix] [CTF] Patched Customer.ExitShop (postfix).
[Info   :Card Targeting Fix] [CTF] Initialized.
[Message:   BepInEx] Chainloader startup complete
[Info   :Foil Editor] Updated foil materials in Card3dUISpawner Awake
[Warning:  Showcase] Applied handheld scale: 1
[Warning:  Showcase] Applied handheld scale: 1
[Warning:  Showcase] Applied handheld scale: 1
[Warning:  Showcase] Applied handheld scale: 1
[Warning:  Showcase] Applied handheld scale: 1
[Warning:  Showcase] Applied handheld scale: 1
[Message:   BepInEx] BepInEx 5.4.23.2 - Card Shop Simulator (7/6/2025 11:03:28 PM)
[Info   :   BepInEx] Running under Unity v2021.3.38.8007589
[Info   :   BepInEx] CLR runtime version: 4.0.30319.42000
[Info   :   BepInEx] Supports SRE: True
[Info   :   BepInEx] System platform: Bits64, Windows
[Message:   BepInEx] Preloader started
[Info   :   BepInEx] Loaded 1 patcher method from [BepInEx.Preloader 5.4.23.2]
[Info   :   BepInEx] 1 patcher plugin loaded
[Info   :   BepInEx] Patching [UnityEngine.CoreModule] with [BepInEx.Chainloader]
[Message:   BepInEx] Preloader finished
[Message:   BepInEx] Chainloader ready
[Message:   BepInEx] Chainloader started
[Info   :   BepInEx] 5 plugins to load
[Info   :   BepInEx] Loading [TextureReplacer 1.3.6]
[Info   :   BepInEx] Loading [GradedCardCaseExpander 1.0.0]
[Warning:GradedCardCaseExpander] DefaultLabel.txt file does not exist: Z:\home\klappec\.steam\debian-installation\steamapps\common\TCG Card Shop Simulator\BepInEx\plugins\GradedCaseExpander\DefaultLabel.txt
[Info   :GradedCardCaseExpander] Loaded sprites for grades: 
[Info   :GradedCardCaseExpander] Loaded configs for grades: 
[Info   :GradedCardCaseExpander] Available fonts: 
[Info   :GradedCardCaseExpander] GradedCardCaseExpander loaded successfully!
[Info   :   BepInEx] Loading [Showcase 2.0.0]
[Info   :  Showcase] Plugin Showcase 2.0.0 loaded!
[Info   :   BepInEx] Loading [Foil Editor 1.0.1]
[Info   :Foil Editor] Plugin FoilEditor is loaded!
[Info   :   BepInEx] Loading [Card Targeting Fix 1.3.1]
[Warning:  HarmonyX] AccessTools.Method: Could not find method for type Customer and name OnPathComplete and parameters ()
[Info   :Card Targeting Fix] [CTF] Patched ShelfManager.GetCardShelfToBuyCard (postfix).
[Info   :Card Targeting Fix] [CTF] Patched Customer.AttemptFindCardShelf (postfix).
[Info   :Card Targeting Fix] [CTF] Patched Customer.ThinkWantToBuyCard (prefix).
[Info   :Card Targeting Fix] [CTF] Patched Customer.ExitShop (postfix).
[Info   :Card Targeting Fix] [CTF] Initialized.
[Message:   BepInEx] Chainloader startup complete
[Info   :Foil Editor] Updated foil materials in Card3dUISpawner Awake
[Warning:Card3dUIGroupPatch] No sprite available for grade 10 and no DefaultLabel fallback
[Warning:Card3dUIGroupPatch] No text configuration found for grade 10 or fallback
[Warning:Card3dUIGroupPatch] No sprite available for grade 10 and no DefaultLabel fallback
[Warning:Card3dUIGroupPatch] No text configuration found for grade 10 or fallback
[Warning:Card3dUIGroupPatch] No sprite available for grade 10 and no DefaultLabel fallback
[Warning:Card3dUIGroupPatch] No text configuration found for grade 10 or fallback
[Warning:Card3dUIGroupPatch] No sprite available for grade 9 and no DefaultLabel fallback
[Warning:Card3dUIGroupPatch] No text configuration found for grade 9 or fallback
[Warning:Card3dUIGroupPatch] No sprite available for grade 10 and no DefaultLabel fallback
[Warning:Card3dUIGroupPatch] No text configuration found for grade 10 or fallback
[Warning:Card3dUIGroupPatch] No sprite available for grade 10 and no DefaultLabel fallback
[Warning:Card3dUIGroupPatch] No text configuration found for grade 10 or fallback
[Warning:Card3dUIGroupPatch] No sprite available for grade 10 and no DefaultLabel fallback
[Warning:Card3dUIGroupPatch] No text configuration found for grade 10 or fallback
[Warning:Card3dUIGroupPatch] No sprite available for grade 10 and no DefaultLabel fallback
[Warning:Card3dUIGroupPatch] No text configuration found for grade 10 or fallback
[Warning:Card3dUIGroupPatch] No sprite available for grade 10 and no DefaultLabel fallback
[Warning:Card3dUIGroupPatch] No text configuration found for grade 10 or fallback
[Warning:Card3dUIGroupPatch] No sprite available for grade 10 and no DefaultLabel fallback
[Warning:Card3dUIGroupPatch] No text configuration found for grade 10 or fallback
[Warning:Card3dUIGroupPatch] No sprite available for grade 9 and no DefaultLabel fallback
[Warning:Card3dUIGroupPatch] No text configuration found for grade 9 or fallback
[Warning:Card3dUIGroupPatch] No sprite available for grade 10 and no DefaultLabel fallback
[Warning:Card3dUIGroupPatch] No text configuration found for grade 10 or fallback
[Warning:Card3dUIGroupPatch] No sprite available for grade 9 and no DefaultLabel fallback
[Warning:Card3dUIGroupPatch] No text configuration found for grade 9 or fallback
[Warning:Card3dUIGroupPatch] No sprite available for grade 9 and no DefaultLabel fallback
[Warning:Card3dUIGroupPatch] No text configuration found for grade 9 or fallback
[Warning:Card3dUIGroupPatch] No sprite available for grade 10 and no DefaultLabel fallback
[Warning:Card3dUIGroupPatch] No text configuration found for grade 10 or fallback
[Warning:Card3dUIGroupPatch] No sprite available for grade 10 and no DefaultLabel fallback
[Warning:Card3dUIGroupPatch] No text configuration found for grade 10 or fallback
[Warning:Card3dUIGroupPatch] No sprite available for grade 9 and no DefaultLabel fallback
[Warning:Card3dUIGroupPatch] No text configuration found for grade 9 or fallback
[Warning:Card3dUIGroupPatch] No sprite available for grade 10 and no DefaultLabel fallback
[Warning:Card3dUIGroupPatch] No text configuration found for grade 10 or fallback
[Warning:Card3dUIGroupPatch] No sprite available for grade 10 and no DefaultLabel fallback
[Warning:Card3dUIGroupPatch] No text configuration found for grade 10 or fallback
[Warning:Card3dUIGroupPatch] No sprite available for grade 10 and no DefaultLabel fallback
[Warning:Card3dUIGroupPatch] No text configuration found for grade 10 or fallback
[Warning:Card3dUIGroupPatch] No sprite available for grade 10 and no DefaultLabel fallback
[Warning:Card3dUIGroupPatch] No text configuration found for grade 10 or fallback
[Warning:Card3dUIGroupPatch] No sprite available for grade 9 and no DefaultLabel fallback
[Warning:Card3dUIGroupPatch] No text configuration found for grade 9 or fallback
[Warning:Card3dUIGroupPatch] No sprite available for grade 10 and no DefaultLabel fallback
[Warning:Card3dUIGroupPatch] No text configuration found for grade 10 or fallback
[Warning:Card3dUIGroupPatch] No sprite available for grade 9 and no DefaultLabel fallback
[Warning:Card3dUIGroupPatch] No text configuration found for grade 9 or fallback
[Warning:Card3dUIGroupPatch] No sprite available for grade 10 and no DefaultLabel fallback
[Warning:Card3dUIGroupPatch] No text configuration found for grade 10 or fallback
[Warning:Card3dUIGroupPatch] No sprite available for grade 10 and no DefaultLabel fallback
[Warning:Card3dUIGroupPatch] No text configuration found for grade 10 or fallback
[Warning:Card3dUIGroupPatch] No sprite available for grade 10 and no DefaultLabel fallback
[Warning:Card3dUIGroupPatch] No text configuration found for grade 10 or fallback
[Warning:Card3dUIGroupPatch] No sprite available for grade 9 and no DefaultLabel fallback
[Warning:Card3dUIGroupPatch] No text configuration found for grade 9 or fallback
[Warning:Card3dUIGroupPatch] No sprite available for grade 10 and no DefaultLabel fallback
[Warning:Card3dUIGroupPatch] No text configuration found for grade 10 or fallback
[Warning:Card3dUIGroupPatch] No sprite available for grade 10 and no DefaultLabel fallback
[Warning:Card3dUIGroupPatch] No text configuration found for grade 10 or fallback
[Warning:Card3dUIGroupPatch] No sprite available for grade 10 and no DefaultLabel fallback
[Warning:Card3dUIGroupPatch] No text configuration found for grade 10 or fallback
[Warning:Card3dUIGroupPatch] No sprite available for grade 10 and no DefaultLabel fallback
[Warning:Card3dUIGroupPatch] No text configuration found for grade 10 or fallback
[Warning:Card3dUIGroupPatch] No sprite available for grade 10 and no DefaultLabel fallback
[Warning:Card3dUIGroupPatch] No text configuration found for grade 10 or fallback
[Warning:Card3dUIGroupPatch] No sprite available for grade 10 and no DefaultLabel fallback
[Warning:Card3dUIGroupPatch] No text configuration found for grade 10 or fallback
[Warning:Card3dUIGroupPatch] No sprite available for grade 9 and no DefaultLabel fallback
[Warning:Card3dUIGroupPatch] No text configuration found for grade 9 or fallback
[Warning:Card3dUIGroupPatch] No sprite available for grade 10 and no DefaultLabel fallback
[Warning:Card3dUIGroupPatch] No text configuration found for grade 10 or fallback
[Warning:Card3dUIGroupPatch] No sprite available for grade 9 and no DefaultLabel fallback
[Warning:Card3dUIGroupPatch] No text configuration found for grade 9 or fallback
[Warning:Card3dUIGroupPatch] No sprite available for grade 9 and no DefaultLabel fallback
[Warning:Card3dUIGroupPatch] No text configuration found for grade 9 or fallback
[Warning:Card3dUIGroupPatch] No sprite available for grade 10 and no DefaultLabel fallback
[Warning:Card3dUIGroupPatch] No text configuration found for grade 10 or fallback
[Warning:Card3dUIGroupPatch] No sprite available for grade 10 and no DefaultLabel fallback
[Warning:Card3dUIGroupPatch] No text configuration found for grade 10 or fallback
[Warning:Card3dUIGroupPatch] No sprite available for grade 9 and no DefaultLabel fallback
[Warning:Card3dUIGroupPatch] No text configuration found for grade 9 or fallback
[Warning:Card3dUIGroupPatch] No sprite available for grade 10 and no DefaultLabel fallback
[Warning:Card3dUIGroupPatch] No text configuration found for grade 10 or fallback
[Warning:Card3dUIGroupPatch] No sprite available for grade 10 and no DefaultLabel fallback
[Warning:Card3dUIGroupPatch] No text configuration found for grade 10 or fallback
[Warning:Card3dUIGroupPatch] No sprite available for grade 10 and no DefaultLabel fallback
[Warning:Card3dUIGroupPatch] No text configuration found for grade 10 or fallback
[Warning:Card3dUIGroupPatch] No sprite available for grade 10 and no DefaultLabel fallback
[Warning:Card3dUIGroupPatch] No text configuration found for grade 10 or fallback
[Warning:Card3dUIGroupPatch] No sprite available for grade 9 and no DefaultLabel fallback
[Warning:Card3dUIGroupPatch] No text configuration found for grade 9 or fallback
[Warning:Card3dUIGroupPatch] No sprite available for grade 10 and no DefaultLabel fallback
[Warning:Card3dUIGroupPatch] No text configuration found for grade 10 or fallback
[Warning:Card3dUIGroupPatch] No sprite available for grade 9 and no DefaultLabel fallback
[Warning:Card3dUIGroupPatch] No text configuration found for grade 9 or fallback
[Warning:Card3dUIGroupPatch] No sprite available for grade 10 and no DefaultLabel fallback
[Warning:Card3dUIGroupPatch] No text configuration found for grade 10 or fallback
[Warning:Card3dUIGroupPatch] No sprite available for grade 10 and no DefaultLabel fallback
[Warning:Card3dUIGroupPatch] No text configuration found for grade 10 or fallback
[Warning:Card3dUIGroupPatch] No sprite available for grade 10 and no DefaultLabel fallback
[Warning:Card3dUIGroupPatch] No text configuration found for grade 10 or fallback
[Warning:  Showcase] Applied handheld scale: 1
[Warning:Card3dUIGroupPatch] No sprite available for grade 9 and no DefaultLabel fallback
[Warning:Card3dUIGroupPatch] No text configuration found for grade 9 or fallback
[Warning:Card3dUIGroupPatch] No sprite available for grade 9 and no DefaultLabel fallback
[Warning:Card3dUIGroupPatch] No text configuration found for grade 9 or fallback
[Warning:  Showcase] Applied handheld scale: 1
[Warning:Card3dUIGroupPatch] No sprite available for grade 10 and no DefaultLabel fallback
[Warning:Card3dUIGroupPatch] No text configuration found for grade 10 or fallback
[Warning:Card3dUIGroupPatch] No sprite available for grade 10 and no DefaultLabel fallback
[Warning:Card3dUIGroupPatch] No text configuration found for grade 10 or fallback
[Warning:Card3dUIGroupPatch] No sprite available for grade 9 and no DefaultLabel fallback
[Warning:Card3dUIGroupPatch] No text configuration found for grade 9 or fallback
[Warning:Card3dUIGroupPatch] No sprite available for grade 10 and no DefaultLabel fallback
[Warning:Card3dUIGroupPatch] No text configuration found for grade 10 or fallback
[Warning:Card3dUIGroupPatch] No sprite available for grade 10 and no DefaultLabel fallback
[Warning:Card3dUIGroupPatch] No text configuration found for grade 10 or fallback
[Warning:Card3dUIGroupPatch] No sprite available for grade 10 and no DefaultLabel fallback
[Warning:Card3dUIGroupPatch] No text configuration found for grade 10 or fallback
[Warning:Card3dUIGroupPatch] No sprite available for grade 10 and no DefaultLabel fallback
[Warning:Card3dUIGroupPatch] No text configuration found for grade 10 or fallback
[Warning:Card3dUIGroupPatch] No sprite available for grade 10 and no DefaultLabel fallback
[Warning:Card3dUIGroupPatch] No text configuration found for grade 10 or fallback
[Warning:Card3dUIGroupPatch] No sprite available for grade 10 and no DefaultLabel fallback
[Warning:Card3dUIGroupPatch] No text configuration found for grade 10 or fallback
[Warning:Card3dUIGroupPatch] No sprite available for grade 9 and no DefaultLabel fallback
[Warning:Card3dUIGroupPatch] No text configuration found for grade 9 or fallback
[Warning:Card3dUIGroupPatch] No sprite available for grade 10 and no DefaultLabel fallback
[Warning:Card3dUIGroupPatch] No text configuration found for grade 10 or fallback
[Warning:Card3dUIGroupPatch] No sprite available for grade 9 and no DefaultLabel fallback
[Warning:Card3dUIGroupPatch] No text configuration found for grade 9 or fallback
[Warning:Card3dUIGroupPatch] No sprite available for grade 9 and no DefaultLabel fallback
[Warning:Card3dUIGroupPatch] No text configuration found for grade 9 or fallback
[Warning:Card3dUIGroupPatch] No sprite available for grade 10 and no DefaultLabel fallback
[Warning:Card3dUIGroupPatch] No text configuration found for grade 10 or fallback
[Warning:Card3dUIGroupPatch] No sprite available for grade 10 and no DefaultLabel fallback
[Warning:Card3dUIGroupPatch] No text configuration found for grade 10 or fallback
[Warning:Card3dUIGroupPatch] No sprite available for grade 9 and no DefaultLabel fallback
[Warning:Card3dUIGroupPatch] No text configuration found for grade 9 or fallback
[Warning:Card3dUIGroupPatch] No sprite available for grade 10 and no DefaultLabel fallback
[Warning:Card3dUIGroupPatch] No text configuration found for grade 10 or fallback
[Warning:Card3dUIGroupPatch] No sprite available for grade 10 and no DefaultLabel fallback
[Warning:Card3dUIGroupPatch] No text configuration found for grade 10 or fallback
[Warning:Card3dUIGroupPatch] No sprite available for grade 10 and no DefaultLabel fallback
[Warning:Card3dUIGroupPatch] No text configuration found for grade 10 or fallback
[Warning:Card3dUIGroupPatch] No sprite available for grade 10 and no DefaultLabel fallback
[Warning:Card3dUIGroupPatch] No text configuration found for grade 10 or fallback
[Warning:Card3dUIGroupPatch] No sprite available for grade 9 and no DefaultLabel fallback
[Warning:Card3dUIGroupPatch] No text configuration found for grade 9 or fallback
[Warning:Card3dUIGroupPatch] No sprite available for grade 10 and no DefaultLabel fallback
[Warning:Card3dUIGroupPatch] No text configuration found for grade 10 or fallback
[Warning:Card3dUIGroupPatch] No sprite available for grade 9 and no DefaultLabel fallback
[Warning:Card3dUIGroupPatch] No text configuration found for grade 9 or fallback
[Warning:Card3dUIGroupPatch] No sprite available for grade 10 and no DefaultLabel fallback
[Warning:Card3dUIGroupPatch] No text configuration found for grade 10 or fallback
[Warning:Card3dUIGroupPatch] No sprite available for grade 9 and no DefaultLabel fallback
[Warning:Card3dUIGroupPatch] No text configuration found for grade 9 or fallback
